Base path: F:/Program Files (x86)/Unity/Editor/Data
Pipe name: \\.\pipe\UnityShaderCompiler-3-6708
Cmd: getPlatforms
Cmd: compileSnippet
  api=1 type=0 insize=1135 outsize=272 kw= ok=1
Cmd: compileSnippet
  api=8 type=1 insize=1135 outsize=1520 kw= ok=1
Cmd: compileSnippet
  api=0 type=0 insize=1207 outsize=428 kw= ok=1
Cmd: compileSnippet
  api=1 type=1 insize=1207 outsize=314 kw= ok=1
Cmd: compileSnippet
  api=1 type=0 insize=7419 outsize=234 kw= ok=1
Cmd: compileSnippet
  api=1 type=0 insize=2197 outsize=211 kw= ok=1
Cmd: compileSnippet
  api=0 type=1 insize=2197 outsize=1088 kw= ok=1
Cmd: compileSnippet
  api=1 type=0 insize=2272 outsize=211 kw= ok=1
Cmd: compileSnippet
  api=8 type=1 insize=2272 outsize=4258 kw= ok=1
Unhandled exception: Readfile from pipe failed. GLE=Ha terminado la canalización.


Quitting shader compiler process
